This is pdfTeX, Version 3.14159265-2.6-1.40.21 (MiKTeX 2.9.7300 64-bit) (preloaded format=pdflatex 2020.3.15)  25 JUN 2020 08:25
entering extended mode
**"./Library Sentiment Analysis.tex"
("Library Sentiment Analysis.tex"
LaTeX2e <2020-02-02> patch level 2
L3 programming layer <2020-02-14>
("C:\Program Files\MiKTeX 2.9\tex/latex/base\report.cls"
Document Class: report 2019/12/20 v1.4l Standard LaTeX document class
("C:\Program Files\MiKTeX 2.9\tex/latex/base\size12.clo"
File: size12.clo 2019/12/20 v1.4l Standard LaTeX file (size option)
)
\c@part=\count167
\c@chapter=\count168
\c@section=\count169
\c@subsection=\count170
\c@subsubsection=\count171
\c@paragraph=\count172
\c@subparagraph=\count173
\c@figure=\count174
\c@table=\count175
\abovecaptionskip=\skip47
\belowcaptionskip=\skip48
\bibindent=\dimen134
)
("C:\Program Files\MiKTeX 2.9\tex/latex/titlesec\titlesec.sty"
Package: titlesec 2019/10/16 v2.13 Sectioning titles
\ttl@box=\box45
\beforetitleunit=\skip49
\aftertitleunit=\skip50
\ttl@plus=\dimen135
\ttl@minus=\dimen136
\ttl@toksa=\toks14
\titlewidth=\dimen137
\titlewidthlast=\dimen138
\titlewidthfirst=\dimen139
)
("C:\Program Files\MiKTeX 2.9\tex/latex/geometry\geometry.sty"
Package: geometry 2020/01/02 v5.9 Page Geometry

("C:\Program Files\MiKTeX 2.9\tex/latex/graphics\keyval.sty"
Package: keyval 2014/10/28 v1.15 key=value parser (DPC)
\KV@toks@=\toks15
)
("C:\Program Files\MiKTeX 2.9\tex/generic/iftex\ifvtex.sty"
Package: ifvtex 2019/10/25 v1.7 ifvtex legacy package. Use iftex instead.

("C:\Program Files\MiKTeX 2.9\tex/generic/iftex\iftex.sty"
Package: iftex 2019/11/07 v1.0c TeX engine tests
))
\Gm@cnth=\count176
\Gm@cntv=\count177
\c@Gm@tempcnt=\count178
\Gm@bindingoffset=\dimen140
\Gm@wd@mp=\dimen141
\Gm@odd@mp=\dimen142
\Gm@even@mp=\dimen143
\Gm@layoutwidth=\dimen144
\Gm@layoutheight=\dimen145
\Gm@layouthoffset=\dimen146
\Gm@layoutvoffset=\dimen147
\Gm@dimlist=\toks16

("C:\Program Files\MiKTeX 2.9\tex/latex/geometry\geometry.cfg"))

Package geometry Warning: Over-specification in `h'-direction.
    `width' (597.50787pt) is ignored.


Package geometry Warning: Over-specification in `v'-direction.
    `height' (845.04684pt) is ignored.

("C:\Program Files\MiKTeX 2.9\tex/latex/setspace\setspace.sty"
Package: setspace 2011/12/19 v6.7a set line spacing
)
("C:\Program Files\MiKTeX 2.9\tex/latex/graphics\graphicx.sty"
Package: graphicx 2019/11/30 v1.2a Enhanced LaTeX Graphics (DPC,SPQR)

("C:\Program Files\MiKTeX 2.9\tex/latex/graphics\graphics.sty"
Package: graphics 2019/11/30 v1.4a Standard LaTeX Graphics (DPC,SPQR)

("C:\Program Files\MiKTeX 2.9\tex/latex/graphics\trig.sty"
Package: trig 2016/01/03 v1.10 sin cos tan (DPC)
)
("C:\Program Files\MiKTeX 2.9\tex/latex/graphics-cfg\graphics.cfg"
File: graphics.cfg 2016/06/04 v1.11 sample graphics configuration
)
Package graphics Info: Driver file: pdftex.def on input line 105.

("C:\Program Files\MiKTeX 2.9\tex/latex/graphics-def\pdftex.def"
File: pdftex.def 2018/01/08 v1.0l Graphics/color driver for pdftex
))
\Gin@req@height=\dimen148
\Gin@req@width=\dimen149
)
("C:\Program Files\MiKTeX 2.9\tex/latex/natbib\natbib.sty"
Package: natbib 2010/09/13 8.31b (PWD, AO)
\bibhang=\skip51
\bibsep=\skip52
LaTeX Info: Redefining \cite on input line 694.
\c@NAT@ctr=\count179
)
("C:\Program Files\MiKTeX 2.9\tex/latex/l3backend\l3backend-pdfmode.def"
File: l3backend-pdfmode.def 2020-02-03 L3 backend support: PDF mode
\l__kernel_color_stack_int=\count180
\l__pdf_internal_box=\box46
)
("Library Sentiment Analysis.aux")
\openout1 = `"Library Sentiment Analysis.aux"'.

LaTeX Font Info:    Checking defaults for OML/cmm/m/it on input line 22.
LaTeX Font Info:    ... okay on input line 22.
LaTeX Font Info:    Checking defaults for OMS/cmsy/m/n on input line 22.
LaTeX Font Info:    ... okay on input line 22.
LaTeX Font Info:    Checking defaults for OT1/cmr/m/n on input line 22.
LaTeX Font Info:    ... okay on input line 22.
LaTeX Font Info:    Checking defaults for T1/cmr/m/n on input line 22.
LaTeX Font Info:    ... okay on input line 22.
LaTeX Font Info:    Checking defaults for TS1/cmr/m/n on input line 22.
LaTeX Font Info:    ... okay on input line 22.
LaTeX Font Info:    Checking defaults for OMX/cmex/m/n on input line 22.
LaTeX Font Info:    ... okay on input line 22.
LaTeX Font Info:    Checking defaults for U/cmr/m/n on input line 22.
LaTeX Font Info:    ... okay on input line 22.

*geometry* driver: auto-detecting
*geometry* detected driver: pdftex
*geometry* verbose mode - [ preamble ] result:
* driver: pdftex
* paper: a4paper
* layout: <same size as paper>
* layoutoffset:(h,v)=(0.0pt,0.0pt)
* modes: 
* h-part:(L,W,R)=(113.81102pt, 455.24411pt, 28.45274pt)
* v-part:(T,H,B)=(56.9055pt, 731.23584pt, 56.9055pt)
* \paperwidth=597.50787pt
* \paperheight=845.04684pt
* \textwidth=455.24411pt
* \textheight=731.23584pt
* \oddsidemargin=41.54103pt
* \evensidemargin=41.54103pt
* \topmargin=-52.36449pt
* \headheight=12.0pt
* \headsep=25.0pt
* \topskip=12.0pt
* \footskip=30.0pt
* \marginparwidth=44.0pt
* \marginparsep=10.0pt
* \columnsep=10.0pt
* \skip\footins=10.8pt plus 4.0pt minus 2.0pt
* \hoffset=0.0pt
* \voffset=0.0pt
* \mag=1000
* \@twocolumnfalse
* \@twosidefalse
* \@mparswitchfalse
* \@reversemarginfalse
* (1in=72.27pt=25.4mm, 1cm=28.453pt)

("C:\Program Files\MiKTeX 2.9\tex/context/base/mkii\supp-pdf.mkii"
[Loading MPS to PDF converter (version 2006.09.02).]
\scratchcounter=\count181
\scratchdimen=\dimen150
\scratchbox=\box47
\nofMPsegments=\count182
\nofMParguments=\count183
\everyMPshowfont=\toks17
\MPscratchCnt=\count184
\MPscratchDim=\dimen151
\MPnumerator=\count185
\makeMPintoPDFobject=\count186
\everyMPtoPDFconversion=\toks18
) ("C:\Program Files\MiKTeX 2.9\tex/latex/epstopdf-pkg\epstopdf-base.sty"
Package: epstopdf-base 2020-01-24 v2.11 Base part for package epstopdf
Package epstopdf-base Info: Redefining graphics rule for `.eps' on input line 4
85.
)
<nust.png, id=1, 436.63126pt x 97.11281pt>
File: nust.png Graphic file (type png)
<use nust.png>
Package pdftex.def Info: nust.png  used on input line 26.
(pdftex.def)             Requested size: 327.47264pt x 72.83441pt.

[1

{C:/Users/Bhugs Hardy/AppData/Local/MiKTeX/2.9/pdftex/config/pdftex.map} <./nus
t.png>] ("Library Sentiment Analysis.toc"
LaTeX Font Info:    External font `cmex10' loaded for size
(Font)              <12> on input line 2.
LaTeX Font Info:    External font `cmex10' loaded for size
(Font)              <8> on input line 2.
LaTeX Font Info:    External font `cmex10' loaded for size
(Font)              <6> on input line 2.
 [1

] [2])
\tf@toc=\write3
\openout3 = `"Library Sentiment Analysis.toc"'.

 [3]
Chapter 1.
[4

]
Underfull \hbox (badness 10000) in paragraph at lines 68--74

 []

[5] [6] [7]
<gant.png, id=34, 810.02625pt x 326.72063pt>
File: gant.png Graphic file (type png)
<use gant.png>
Package pdftex.def Info: gant.png  used on input line 110.
(pdftex.def)             Requested size: 405.01213pt x 163.35991pt.
 [8] [9 <./gant.png>]
Chapter 2.

Underfull \hbox (badness 10000) in paragraph at lines 118--120

 []

[10

]
Underfull \hbox (badness 10000) in paragraph at lines 121--123

 []

[11] [12]
Underfull \hbox (badness 10000) in paragraph at lines 132--136

 []


Overfull \hbox (2.36528pt too wide) in paragraph at lines 136--136
|[]\OT1/cmr/bx/n/14.4 Support Vec-tor Ma-chine Clas-si-fi-ca-tion (SVM) Al-go-r
ithms.| 
 []


Underfull \hbox (badness 10000) in paragraph at lines 137--139

 []

[13]
Overfull \hbox (7.94965pt too wide) in paragraph at lines 140--140
|[]\OT1/cmr/bx/n/17.28 Advantages and Dis-ad-van-tages of Sen-ti-ment Anal-
 []


Underfull \hbox (badness 10000) in paragraph at lines 141--143

 []

[14]
Underfull \hbox (badness 10000) in paragraph at lines 146--148

 []


Underfull \hbox (badness 10000) in paragraph at lines 149--150

 []


Underfull \hbox (badness 10000) in paragraph at lines 151--152

 []


Underfull \hbox (badness 10000) in paragraph at lines 153--155

 []


Underfull \hbox (badness 10000) in paragraph at lines 156--158

 []

[15]
Underfull \hbox (badness 10000) in paragraph at lines 159--161

 []


Underfull \hbox (badness 10000) in paragraph at lines 170--172

 []

[16]
Underfull \hbox (badness 10000) in paragraph at lines 179--181

 []


Overfull \hbox (8.4996pt too wide) in paragraph at lines 184--184
|[]\OT1/cmr/bx/n/17.28 Traditional ways of Cap-tur-ing Voice of Cus-tomers.| 
 []


Underfull \hbox (badness 10000) in paragraph at lines 185--186

 []

[17]
Underfull \hbox (badness 10000) in paragraph at lines 187--188

 []


Underfull \hbox (badness 10000) in paragraph at lines 189--190

 []


Underfull \hbox (badness 10000) in paragraph at lines 191--192

 []


Underfull \hbox (badness 10000) in paragraph at lines 193--194

 []

[18]
Underfull \hbox (badness 10000) in paragraph at lines 197--198

 []


Underfull \hbox (badness 10000) in paragraph at lines 199--200

 []


Underfull \hbox (badness 10000) in paragraph at lines 201--202

 []

[19]
Underfull \hbox (badness 10000) in paragraph at lines 203--204

 []


Underfull \hbox (badness 10000) in paragraph at lines 205--206

 []

[20]
Underfull \hbox (badness 10000) in paragraph at lines 207--208

 []


Underfull \hbox (badness 10000) in paragraph at lines 209--211

 []


Underfull \hbox (badness 10000) in paragraph at lines 212--214

 []


Underfull \hbox (badness 10000) in paragraph at lines 215--217

 []

[21]
Underfull \hbox (badness 10000) in paragraph at lines 218--220

 []


Underfull \hbox (badness 10000) in paragraph at lines 221--223

 []


Underfull \hbox (badness 10000) in paragraph at lines 224--226

 []


Underfull \hbox (badness 10000) in paragraph at lines 227--229

 []


Underfull \hbox (badness 10000) in paragraph at lines 230--232

 []


Underfull \hbox (badness 10000) in paragraph at lines 233--235

 []

[22]
Underfull \hbox (badness 10000) in paragraph at lines 236--238

 []


Underfull \hbox (badness 10000) in paragraph at lines 239--241

 []


Underfull \hbox (badness 10000) in paragraph at lines 242--244

 []


Underfull \hbox (badness 10000) in paragraph at lines 245--249

 []


Underfull \hbox (badness 10000) in paragraph at lines 250--252

 []

[23]
Underfull \hbox (badness 10000) in paragraph at lines 253--255

 []


Underfull \hbox (badness 10000) in paragraph at lines 256--257

 []


Underfull \hbox (badness 10000) in paragraph at lines 261--262

 []

[24]
Underfull \hbox (badness 10000) in paragraph at lines 264--265

 []

[25] [26]
Chapter 3.

Underfull \hbox (badness 10000) in paragraph at lines 282--283

 []


Underfull \hbox (badness 10000) in paragraph at lines 285--286

 []


Underfull \hbox (badness 10000) in paragraph at lines 287--288

 []

[27

]
Underfull \hbox (badness 10000) in paragraph at lines 289--290

 []


Underfull \hbox (badness 10000) in paragraph at lines 292--293

 []


Underfull \hbox (badness 10000) in paragraph at lines 295--296

 []

[28]
Underfull \hbox (badness 10000) in paragraph at lines 298--299

 []


Underfull \hbox (badness 10000) in paragraph at lines 300--301

 []


Underfull \hbox (badness 10000) in paragraph at lines 303--304

 []

[29]
Underfull \hbox (badness 10000) in paragraph at lines 305--306

 []


Underfull \hbox (badness 10000) in paragraph at lines 307--309

 []


Underfull \hbox (badness 10000) in paragraph at lines 310--312

 []


Underfull \hbox (badness 10000) in paragraph at lines 313--315

 []

[30]
Underfull \hbox (badness 10000) in paragraph at lines 316--318

 []


Underfull \hbox (badness 10000) in paragraph at lines 319--321

 []


Underfull \hbox (badness 10000) in paragraph at lines 322--324

 []


Underfull \hbox (badness 10000) in paragraph at lines 326--327

 []


Underfull \hbox (badness 10000) in paragraph at lines 328--329

 []

<crisp.png, id=109, 596.2275pt x 535.2497pt>
File: crisp.png Graphic file (type png)
<use crisp.png>
Package pdftex.def Info: crisp.png  used on input line 330.
(pdftex.def)             Requested size: 298.11302pt x 267.62419pt.
[31]
Underfull \hbox (badness 10000) in paragraph at lines 333--335

 []


Underfull \hbox (badness 10000) in paragraph at lines 336--337

 []


Underfull \hbox (badness 10000) in paragraph at lines 338--339

 []


Underfull \hbox (badness 10000) in paragraph at lines 340--342

 []

[32 <./crisp.png>]
Underfull \hbox (badness 10000) in paragraph at lines 343--344

 []


Underfull \hbox (badness 10000) in paragraph at lines 345--347

 []


Underfull \hbox (badness 10000) in paragraph at lines 348--349

 []


Underfull \hbox (badness 10000) in paragraph at lines 350--351

 []


Underfull \hbox (badness 10000) in paragraph at lines 352--353

 []


Underfull \hbox (badness 10000) in paragraph at lines 354--356

 []


Underfull \hbox (badness 10000) in paragraph at lines 357--359

 []

[33]
Underfull \hbox (badness 10000) in paragraph at lines 360--361

 []


Underfull \hbox (badness 10000) in paragraph at lines 365--366

 []


Underfull \hbox (badness 10000) in paragraph at lines 368--370

 []


Underfull \hbox (badness 10000) in paragraph at lines 371--373

 []


Underfull \hbox (badness 10000) in paragraph at lines 374--376

 []


Underfull \hbox (badness 10000) in paragraph at lines 377--379

 []

[34]
Underfull \hbox (badness 10000) in paragraph at lines 380--382

 []


Underfull \hbox (badness 10000) in paragraph at lines 385--386

 []


Underfull \hbox (badness 10000) in paragraph at lines 387--388

 []


Underfull \hbox (badness 10000) in paragraph at lines 390--392

 []


Underfull \hbox (badness 10000) in paragraph at lines 393--395

 []

[35]
Underfull \hbox (badness 10000) in paragraph at lines 396--398

 []


Underfull \hbox (badness 10000) in paragraph at lines 399--401

 []


Underfull \hbox (badness 10000) in paragraph at lines 402--404

 []


Underfull \hbox (badness 10000) in paragraph at lines 405--406

 []


Underfull \hbox (badness 10000) in paragraph at lines 409--410

 []

[36]
Underfull \hbox (badness 10000) in paragraph at lines 411--412

 []


Underfull \hbox (badness 10000) in paragraph at lines 414--415

 []


Underfull \hbox (badness 10000) in paragraph at lines 417--418

 []


Underfull \hbox (badness 10000) in paragraph at lines 420--421

 []

[37]
Underfull \hbox (badness 10000) in paragraph at lines 423--424

 []


Underfull \hbox (badness 10000) in paragraph at lines 426--427

 []

[38]
Chapter 4.

Underfull \hbox (badness 10000) in paragraph at lines 430--431

 []


Underfull \hbox (badness 10000) in paragraph at lines 433--434

 []

[39

]
Underfull \hbox (badness 10000) in paragraph at lines 436--437

 []


Underfull \hbox (badness 10000) in paragraph at lines 438--439

 []


Underfull \hbox (badness 10000) in paragraph at lines 440--441

 []


Underfull \hbox (badness 10000) in paragraph at lines 442--443

 []


Underfull \hbox (badness 10000) in paragraph at lines 444--445

 []


Underfull \hbox (badness 10000) in paragraph at lines 447--448

 []

[40]
Underfull \hbox (badness 10000) in paragraph at lines 449--450

 []


Underfull \hbox (badness 10000) in paragraph at lines 452--454

 []


Underfull \hbox (badness 10000) in paragraph at lines 455--457

 []

<lowercase.PNG, id=142, 576.65437pt x 100.12407pt>
File: lowercase.PNG Graphic file (type png)
<use lowercase.PNG>
Package pdftex.def Info: lowercase.PNG  used on input line 458.
(pdftex.def)             Requested size: 288.32648pt x 50.0619pt.
[41]
Underfull \hbox (badness 10000) in paragraph at lines 460--462

 []


Underfull \hbox (badness 10000) in paragraph at lines 463--465

 []


Underfull \hbox (badness 10000) in paragraph at lines 466--468

 []


Underfull \hbox (badness 10000) in paragraph at lines 469--471

 []

<stemming.PNG, id=146, 577.40718pt x 162.6075pt>
File: stemming.PNG Graphic file (type png)
<use stemming.PNG>
Package pdftex.def Info: stemming.PNG  used on input line 472.
(pdftex.def)             Requested size: 288.70288pt x 81.30354pt.
[42 <./lowercase.PNG>]
Underfull \hbox (badness 10000) in paragraph at lines 474--476

 []

<emoticons.PNG, id=152, 575.90157pt x 153.57375pt>
File: emoticons.PNG Graphic file (type png)
<use emoticons.PNG>
Package pdftex.def Info: emoticons.PNG  used on input line 477.
(pdftex.def)             Requested size: 287.95007pt x 76.78668pt.

Underfull \hbox (badness 10000) in paragraph at lines 483--484

 []


Underfull \hbox (badness 10000) in paragraph at lines 485--486

 []


Underfull \hbox (badness 10000) in paragraph at lines 487--488

 []

[43 <./stemming.PNG> <./emoticons.PNG>]
Underfull \hbox (badness 10000) in paragraph at lines 489--490

 []


Underfull \hbox (badness 10000) in paragraph at lines 491--492

 []


Underfull \hbox (badness 10000) in paragraph at lines 494--496

 []

<aka.png, id=158, 433.62pt x 416.30531pt>
File: aka.png Graphic file (type png)
<use aka.png>
Package pdftex.def Info: aka.png  used on input line 497.
(pdftex.def)             Requested size: 216.80946pt x 208.15215pt.
[44]
Underfull \hbox (badness 10000) in paragraph at lines 500--501

 []


Underfull \hbox (badness 10000) in paragraph at lines 503--504

 []

<erd.PNG, id=162, 721.19438pt x 467.49657pt>
File: erd.PNG Graphic file (type png)
<use erd.PNG>
Package pdftex.def Info: erd.PNG  used on input line 505.
(pdftex.def)             Requested size: 360.59631pt x 233.74771pt.
[45 <./aka.png>]
Underfull \hbox (badness 10000) in paragraph at lines 509--511

 []


Underfull \hbox (badness 10000) in paragraph at lines 513--515

 []

[46 <./erd.PNG>]
<usecase.PNG, id=171, 735.49782pt x 423.83344pt>
File: usecase.PNG Graphic file (type png)
<use usecase.PNG>
Package pdftex.def Info: usecase.PNG  used on input line 516.
(pdftex.def)             Requested size: 367.74802pt x 211.91618pt.

Underfull \hbox (badness 10000) in paragraph at lines 519--520

 []

<activity.PNG, id=172, 756.57657pt x 557.83406pt>
File: activity.PNG Graphic file (type png)
<use activity.PNG>
Package pdftex.def Info: activity.PNG  used on input line 521.
(pdftex.def)             Requested size: 378.28735pt x 278.91634pt.
[47 <./usecase.PNG>]
<sq.PNG, id=177, 715.17188pt x 433.62pt>
File: sq.PNG Graphic file (type png)
<use sq.PNG>
Package pdftex.def Info: sq.PNG  used on input line 525.
(pdftex.def)             Requested size: 357.58505pt x 216.80946pt.

Underfull \hbox (badness 10000) in paragraph at lines 529--530

 []

[48 <./activity.PNG> <./sq.PNG>] [49]
Chapter 5.

Underfull \hbox (badness 10000) in paragraph at lines 535--536

 []


Underfull \hbox (badness 10000) in paragraph at lines 537--538

 []


Underfull \hbox (badness 10000) in paragraph at lines 539--540

 []

[50

]
Underfull \hbox (badness 10000) in paragraph at lines 541--542

 []


Underfull \hbox (badness 10000) in paragraph at lines 544--545

 []


Underfull \hbox (badness 10000) in paragraph at lines 546--547

 []


Underfull \hbox (badness 10000) in paragraph at lines 548--549

 []


Underfull \hbox (badness 10000) in paragraph at lines 551--553

 []

[51]
<home.PNG, id=193, 962.84718pt x 601.4972pt>
File: home.PNG Graphic file (type png)
<use home.PNG>
Package pdftex.def Info: home.PNG  used on input line 554.
(pdftex.def)             Requested size: 481.42241pt x 300.74786pt.

Overfull \hbox (43.80312pt too wide) in paragraph at lines 554--555
[][] 
 []

<admin.PNG, id=194, 962.84718pt x 601.4972pt>
File: admin.PNG Graphic file (type png)
<use admin.PNG>
Package pdftex.def Info: admin.PNG  used on input line 558.
(pdftex.def)             Requested size: 481.42241pt x 300.74786pt.

Overfull \hbox (43.80312pt too wide) in paragraph at lines 558--559
[][] 
 []

[52 <./home.PNG>]
Underfull \hbox (badness 10000) in paragraph at lines 562--563

 []


Underfull \hbox (badness 10000) in paragraph at lines 564--565

 []


Underfull \hbox (badness 10000) in paragraph at lines 573--574

 []

[53 <./admin.PNG>]
Underfull \hbox (badness 10000) in paragraph at lines 575--576

 []


Underfull \hbox (badness 10000) in paragraph at lines 578--579

 []


Underfull \hbox (badness 10000) in paragraph at lines 580--581

 []

File: admin.PNG Graphic file (type png)
<use admin.PNG>
Package pdftex.def Info: admin.PNG  used on input line 582.
(pdftex.def)             Requested size: 481.42241pt x 300.74786pt.

Overfull \hbox (43.80312pt too wide) in paragraph at lines 582--583
[][] 
 []

[54] [55]
Chapter 6.
[56

]
Chapter 7.
("Library Sentiment Analysis.bbl" [57

] [58

]
Underfull \hbox (badness 5563) in paragraph at lines 123--128
[]\OT1/cmr/m/n/12 S. Kvale.  Dom-i-nance through in-ter-views and di-a-logues. 
 \OT1/cmr/m/it/12 Qual-i-ta-tive In-
 []


Underfull \hbox (badness 10000) in paragraph at lines 123--128
\OT1/cmr/m/it/12 quiry\OT1/cmr/m/n/12 , 12(3):480--500, 2006.  doi: 10.1177/107
7800406286235.  URL
 []

[59] [60]) [61] ("Library Sentiment Analysis.aux"

Package natbib Warning: Citation(s) may have changed.
(natbib)                Rerun to get citations correct.

) ) 
Here is how much of TeX's memory you used:
 2550 strings out of 481556
 36870 string characters out of 2923614
 283285 words of memory out of 3000000
 17788 multiletter control sequences out of 15000+200000
 539030 words of font info for 46 fonts, out of 3000000 for 9000
 1141 hyphenation exceptions out of 8191
 30i,5n,28p,1758b,265s stack positions out of 5000i,500n,10000p,200000b,50000s
 <C:\Users\Bhugs Hardy\AppData\Local\MiKTeX\2.9\fonts/pk/ljfour/jknappen/ec/
dpi600\tcti1200.pk> <C:\Users\Bhugs Hardy\AppData\Local\MiKTeX\2.9\fonts/pk/ljf
our/jknappen/ec/dpi600\tcrm1200.pk><C:/Program Files/MiKTeX 2.9/fonts/type1/pub
lic/amsfonts/cm/cmbx12.pfb><C:/Program Files/MiKTeX 2.9/fonts/type1/public/amsf
onts/cm/cmcsc10.pfb><C:/Program Files/MiKTeX 2.9/fonts/type1/public/amsfonts/cm
/cmr12.pfb><C:/Program Files/MiKTeX 2.9/fonts/type1/public/amsfonts/cm/cmti12.p
fb><C:/Program Files/MiKTeX 2.9/fonts/type1/public/amsfonts/cm/cmtt12.pfb>
Output written on "Library Sentiment Analysis.pdf" (62 pages, 2237330 bytes).
PDF statistics:
 259 PDF objects out of 1000 (max. 8388607)
 0 named destinations out of 1000 (max. 500000)
 66 words of extra memory for PDF output out of 10000 (max. 10000000)

